CocoMania#Natural_Person#Identification_Foreigher#Second_Time#35456321#5#19/5/2020
Unicentro#Legal_Person#Passport#Third_Time#123446541#3#29/6/2020
Rositas#Nonprofit_Entity#Identification_Personal#First_Time#1223456#3#23/8/2019
Unicef#temporary_Union#Identification_Personal#Second_Time#245645653#10#21/6/2020
Icbf#Natural_Person#Identification_Foreigher#Third_Time#23567875#5#23/4/2020
comodisimos#Nonprofit_Entity#Passport#Second_Time#70549221#8#09/5/2020
brazzers#temporary_Union#Passport#First_Time#40819788#9#19/3/2020
ktronix#Legal_Person#Identification_Foreigher#First_Time#100244356#3#29/12/2019
smarfit#Natural_Person#Identification_Personal#Third_Time#104963234#11#10/4/2020
Claro#Nonprofit_Entity#Passport#Second_Time#100277321#3#23/6/2020
Tigo#Natural_Person#Passport#First_Time#13676542#5#13/2/2020
Etb#temporary_Union#Identification_Personal#First_Time#68432453#8#20/6/2020
Conchita#Legal_Person#Identification_Foreigher#Third_Time#40018385#3#03/5/2020
champagne#temporary_Union#Passport#Second_Time#778641232#4#06/4/2020
el baratillo#Legal_Person#Identification_Personal#Third_Time#57678776#3#23/5/2020
boyacoman#Legal_Person#Identification_Personal#First_Time#184358735#3#06/3/2020
batman#Nonprofit_Entity#Passport#Third_Time#325644312#9#21/2/2020
Cosmo-In#Nonprofit_Entity#Identification_Foreigher#Second_Time#1244651#19#02/3/2020
McDonals#Legal_Person#Identification_Foreigher#First_Time#68677504#14#24/4/2020
Lays#Nonprofit_Entity#Identification_Personal#Second_Time#95867032#3#23/4/2020
Ebsa#Nonprofit_Entity#Identification_Foreigher#First_Time#4081562#6#15/8/2020
Salucoop#temporary_Union#Identification_Personal#Second_Time#3333699#9#19/5/2020
Alkosto#Natural_Person#Identification_Personal#Third_Time#1002396991#17#21/9/2020
Exito#Legal_Person#Passport#First_Time#25225454#6#24/12/2020
